<?xml version="1.0" encoding="UTF-8"?>
<testsuite xmlns:xsi="http://www.w3.org/2001/XMLSchema-instance" xsi:noNamespaceSchemaLocation="https://maven.apache.org/surefire/maven-surefire-plugin/xsd/surefire-test-report-3.0.xsd" version="3.0" name="TestSuite" time="55.792" tests="5" errors="0" skipped="0" failures="1">
  <properties>
    <property name="sun.desktop" value="gnome"/>
    <property name="awt.toolkit" value="sun.awt.X11.XToolkit"/>
    <property name="java.specification.version" value="11"/>
    <property name="sun.cpu.isalist" value=""/>
    <property name="sun.jnu.encoding" value="UTF-8"/>
    <property name="java.class.path" value="/home/niveditah/Documents/MavenGDR/target/test-classes:/home/niveditah/Documents/MavenGDR/target/classes:/home/niveditah/.m2/repository/org/seleniumhq/selenium/selenium-java/3.141.59/selenium-java-3.141.59.jar:/home/niveditah/.m2/repository/org/seleniumhq/selenium/selenium-api/3.141.59/selenium-api-3.141.59.jar:/home/niveditah/.m2/repository/org/seleniumhq/selenium/selenium-chrome-driver/3.141.59/selenium-chrome-driver-3.141.59.jar:/home/niveditah/.m2/repository/org/seleniumhq/selenium/selenium-edge-driver/3.141.59/selenium-edge-driver-3.141.59.jar:/home/niveditah/.m2/repository/org/seleniumhq/selenium/selenium-firefox-driver/3.141.59/selenium-firefox-driver-3.141.59.jar:/home/niveditah/.m2/repository/org/seleniumhq/selenium/selenium-ie-driver/3.141.59/selenium-ie-driver-3.141.59.jar:/home/niveditah/.m2/repository/org/seleniumhq/selenium/selenium-opera-driver/3.141.59/selenium-opera-driver-3.141.59.jar:/home/niveditah/.m2/repository/org/seleniumhq/selenium/selenium-remote-driver/3.141.59/selenium-remote-driver-3.141.59.jar:/home/niveditah/.m2/repository/org/seleniumhq/selenium/selenium-safari-driver/3.141.59/selenium-safari-driver-3.141.59.jar:/home/niveditah/.m2/repository/org/seleniumhq/selenium/selenium-support/3.141.59/selenium-support-3.141.59.jar:/home/niveditah/.m2/repository/net/bytebuddy/byte-buddy/1.8.15/byte-buddy-1.8.15.jar:/home/niveditah/.m2/repository/org/apache/commons/commons-exec/1.3/commons-exec-1.3.jar:/home/niveditah/.m2/repository/com/google/guava/guava/25.0-jre/guava-25.0-jre.jar:/home/niveditah/.m2/repository/com/google/code/findbugs/jsr305/1.3.9/jsr305-1.3.9.jar:/home/niveditah/.m2/repository/org/checkerframework/checker-compat-qual/2.0.0/checker-compat-qual-2.0.0.jar:/home/niveditah/.m2/repository/com/google/errorprone/error_prone_annotations/2.1.3/error_prone_annotations-2.1.3.jar:/home/niveditah/.m2/repository/com/google/j2objc/j2objc-annotations/1.1/j2objc-annotations-1.1.jar:/home/niveditah/.m2/repository/org/codehaus/mojo/animal-sniffer-annotations/1.14/animal-sniffer-annotations-1.14.jar:/home/niveditah/.m2/repository/com/squareup/okhttp3/okhttp/3.11.0/okhttp-3.11.0.jar:/home/niveditah/.m2/repository/com/squareup/okio/okio/1.14.0/okio-1.14.0.jar:/home/niveditah/.m2/repository/org/testng/testng/6.8/testng-6.8.jar:/home/niveditah/.m2/repository/org/beanshell/bsh/2.0b4/bsh-2.0b4.jar:/home/niveditah/.m2/repository/com/beust/jcommander/1.27/jcommander-1.27.jar:/home/niveditah/.m2/repository/org/yaml/snakeyaml/1.6/snakeyaml-1.6.jar:/home/niveditah/.m2/repository/com/relevantcodes/extentreports/2.41.2/extentreports-2.41.2.jar:/home/niveditah/.m2/repository/org/jsoup/jsoup/1.8.3/jsoup-1.8.3.jar:/home/niveditah/.m2/repository/org/xerial/sqlite-jdbc/3.8.11.1/sqlite-jdbc-3.8.11.1.jar:/home/niveditah/.m2/repository/org/freemarker/freemarker/2.3.23/freemarker-2.3.23.jar:/home/niveditah/.m2/repository/org/mongodb/mongodb-driver/3.0.4/mongodb-driver-3.0.4.jar:/home/niveditah/.m2/repository/org/mongodb/bson/3.0.4/bson-3.0.4.jar:/home/niveditah/.m2/repository/org/mongodb/mongodb-driver-core/3.0.4/mongodb-driver-core-3.0.4.jar:/home/niveditah/.m2/repository/org/uncommons/reportng/1.1.4/reportng-1.1.4.jar:/home/niveditah/.m2/repository/velocity/velocity/1.4/velocity-1.4.jar:/home/niveditah/.m2/repository/velocity/velocity-dep/1.4/velocity-dep-1.4.jar:/home/niveditah/.m2/repository/com/google/inject/guice/3.0/guice-3.0.jar:/home/niveditah/.m2/repository/javax/inject/javax.inject/1/javax.inject-1.jar:/home/niveditah/.m2/repository/aopalliance/aopalliance/1.0/aopalliance-1.0.jar:/home/niveditah/.m2/repository/junit/junit/3.8.1/junit-3.8.1.jar:/home/niveditah/.m2/repository/org/springframework/spring-web/2.0-m2/spring-web-2.0-m2.jar:/home/niveditah/.m2/repository/org/springframework/spring-context/2.0-m2/spring-context-2.0-m2.jar:/home/niveditah/.m2/repository/org/springframework/spring-aop/2.0-m2/spring-aop-2.0-m2.jar:/home/niveditah/.m2/repository/org/springframework/spring-beans/2.0-m2/spring-beans-2.0-m2.jar:/home/niveditah/.m2/repository/org/springframework/spring-core/2.0-m2/spring-core-2.0-m2.jar:/home/niveditah/.m2/repository/commons-logging/commons-logging/1.0.4/commons-logging-1.0.4.jar:/home/niveditah/.m2/repository/commons-collections/commons-collections/3.1/commons-collections-3.1.jar:/home/niveditah/.m2/repository/oro/oro/2.0.8/oro-2.0.8.jar:/home/niveditah/.m2/repository/javax/servlet/jstl/1.0/jstl-1.0.jar:/home/niveditah/.m2/repository/taglibs/standard/1.0.6/standard-1.0.6.jar:/home/niveditah/.m2/repository/org/apache/maven/plugins/maven-surefire-plugin/3.0.0-M2/maven-surefire-plugin-3.0.0-M2.jar:/home/niveditah/.m2/repository/org/apache/maven/surefire/maven-surefire-common/3.0.0-M2/maven-surefire-common-3.0.0-M2.jar:/home/niveditah/.m2/repository/org/apache/maven/surefire/surefire-api/3.0.0-M2/surefire-api-3.0.0-M2.jar:/home/niveditah/.m2/repository/org/apache/maven/surefire/surefire-logger-api/3.0.0-M2/surefire-logger-api-3.0.0-M2.jar:/home/niveditah/.m2/repository/org/apache/maven/surefire/surefire-booter/3.0.0-M2/surefire-booter-3.0.0-M2.jar:/home/niveditah/.m2/repository/org/apache/maven/maven-toolchain/3.0-alpha-2/maven-toolchain-3.0-alpha-2.jar:/home/niveditah/.m2/repository/org/apache/maven/maven-core/3.0-alpha-2/maven-core-3.0-alpha-2.jar:/home/niveditah/.m2/repository/org/apache/maven/maven-lifecycle/3.0-alpha-2/maven-lifecycle-3.0-alpha-2.jar:/home/niveditah/.m2/repository/org/apache/maven/maven-reporting-api/3.0-alpha-2/maven-reporting-api-3.0-alpha-2.jar:/home/niveditah/.m2/repository/org/apache/maven/doxia/doxia-sink-api/1.0-alpha-9/doxia-sink-api-1.0-alpha-9.jar:/home/niveditah/.m2/repository/org/apache/maven/maven-model/3.0-alpha-2/maven-model-3.0-alpha-2.jar:/home/niveditah/.m2/repository/org/apache/maven/maven-plugin-api/3.0-alpha-2/maven-plugin-api-3.0-alpha-2.jar:/home/niveditah/.m2/repository/org/codehaus/plexus/plexus-container-default/1.0-beta-3.0.5/plexus-container-default-1.0-beta-3.0.5.jar:/home/niveditah/.m2/repository/org/apache/xbean/xbean-reflect/3.4/xbean-reflect-3.4.jar:/home/niveditah/.m2/repository/log4j/log4j/1.2.12/log4j-1.2.12.jar:/home/niveditah/.m2/repository/commons-logging/commons-logging-api/1.1/commons-logging-api-1.1.jar:/home/niveditah/.m2/repository/com/google/code/google-collections/google-collect/snapshot-20080530/google-collect-snapshot-20080530.jar:/home/niveditah/.m2/repository/org/apache/maven/maven-project/3.0-alpha-2/maven-project-3.0-alpha-2.jar:/home/niveditah/.m2/repository/org/codehaus/woodstox/wstx-asl/3.2.6/wstx-asl-3.2.6.jar:/home/niveditah/.m2/repository/org/apache/maven/maven-project-builder/3.0-alpha-2/maven-project-builder-3.0-alpha-2.jar:/home/niveditah/.m2/repository/commons-cli/commons-cli/1.0/commons-cli-1.0.jar:/home/niveditah/.m2/repository/org/codehaus/plexus/plexus-interactivity-api/1.0-alpha-6/plexus-interactivity-api-1.0-alpha-6.jar:/home/niveditah/.m2/repository/org/codehaus/plexus/plexus-interpolation/1.1/plexus-interpolation-1.1.jar:/home/niveditah/.m2/repository/org/codehaus/plexus/plexus-utils/1.5.6/plexus-utils-1.5.6.jar:/home/niveditah/.m2/repository/org/codehaus/plexus/plexus-classworlds/1.3/plexus-classworlds-1.3.jar:/home/niveditah/.m2/repository/org/codehaus/plexus/plexus-component-annotations/1.0-beta-3.0.5/plexus-component-annotations-1.0-beta-3.0.5.jar:/home/niveditah/.m2/repository/org/sonatype/plexus/plexus-plugin-manager/1.0-alpha-1/plexus-plugin-manager-1.0-alpha-1.jar:/home/niveditah/.m2/repository/org/apache/maven/mercury/mercury-plexus/1.0.0-alpha-2/mercury-plexus-1.0.0-alpha-2.jar:/home/niveditah/.m2/repository/org/apache/maven/mercury/mercury-repo-remote-m2/1.0.0-alpha-2/mercury-repo-remote-m2-1.0.0-alpha-2.jar:/home/niveditah/.m2/repository/org/apache/maven/mercury/mercury-repo-api/1.0.0-alpha-2/mercury-repo-api-1.0.0-alpha-2.jar:/home/niveditah/.m2/repository/org/apache/maven/mercury/mercury-transport-api/1.0.0-alpha-2/mercury-transport-api-1.0.0-alpha-2.jar:/home/niveditah/.m2/repository/org/apache/maven/mercury/mercury-crypto-api/1.0.0-alpha-2/mercury-crypto-api-1.0.0-alpha-2.jar:/home/niveditah/.m2/repository/org/apache/maven/mercury/mercury-transport-http/1.0.0-alpha-2/mercury-transport-http-1.0.0-alpha-2.jar:/home/niveditah/.m2/repository/org/mortbay/jetty/jetty-client/6.1.12/jetty-client-6.1.12.jar:/home/niveditah/.m2/repository/org/mortbay/jetty/jetty-sslengine/6.1.12/jetty-sslengine-6.1.12.jar:/home/niveditah/.m2/repository/org/mortbay/jetty/jetty/6.1.12/jetty-6.1.12.jar:/home/niveditah/.m2/repository/org/mortbay/jetty/jetty-util/6.1.12/jetty-util-6.1.12.jar:/home/niveditah/.m2/repository/org/mortbay/jetty/servlet-api-2.5/6.1.12/servlet-api-2.5-6.1.12.jar:/home/niveditah/.m2/repository/org/apache/maven/mercury/mercury-crypto-basic/1.0.0-alpha-2/mercury-crypto-basic-1.0.0-alpha-2.jar:/home/niveditah/.m2/repository/bouncycastle/bcprov-jdk15/140/bcprov-jdk15-140.jar:/home/niveditah/.m2/repository/bouncycastle/bcpg-jdk15/140/bcpg-jdk15-140.jar:/home/niveditah/.m2/repository/org/apache/maven/mercury/mercury-md-shared/1.0.0-alpha-2/mercury-md-shared-1.0.0-alpha-2.jar:/home/niveditah/.m2/repository/org/apache/maven/mercury/mercury-util/1.0.0-alpha-2/mercury-util-1.0.0-alpha-2.jar:/home/niveditah/.m2/repository/org/apache/maven/mercury/mercury-repo-local-m2/1.0.0-alpha-2/mercury-repo-local-m2-1.0.0-alpha-2.jar:/home/niveditah/.m2/repository/org/apache/maven/mercury/mercury-repo-virtual/1.0.0-alpha-2/mercury-repo-virtual-1.0.0-alpha-2.jar:/home/niveditah/.m2/repository/org/apache/maven/mercury/mercury-repo-cache-fs/1.0.0-alpha-2/mercury-repo-cache-fs-1.0.0-alpha-2.jar:/home/niveditah/.m2/repository/org/apache/maven/mercury/mercury-md-sat/1.0.0-alpha-2/mercury-md-sat-1.0.0-alpha-2.jar:/home/niveditah/.m2/repository/org/sat4j/org.sat4j.core/2.0.4/org.sat4j.core-2.0.4.jar:/home/niveditah/.m2/repository/org/sat4j/org.sat4j.pb/2.0.4/org.sat4j.pb-2.0.4.jar:/home/niveditah/.m2/repository/org/apache/maven/mercury/mercury-event/1.0.0-alpha-2/mercury-event-1.0.0-alpha-2.jar:/home/niveditah/.m2/repository/org/apache/maven/mercury/mercury-logging/1.0.0-alpha-2/mercury-logging-1.0.0-alpha-2.jar:/home/niveditah/.m2/repository/org/codehaus/plexus/plexus-lang/1.1/plexus-lang-1.1.jar:/home/niveditah/.m2/repository/org/slf4j/slf4j-jdk14/1.5.3/slf4j-jdk14-1.5.3.jar:/home/niveditah/.m2/repository/org/slf4j/slf4j-api/1.5.3/slf4j-api-1.5.3.jar:/home/niveditah/.m2/repository/org/apache/maven/maven-mercury/3.0-alpha-2/maven-mercury-3.0-alpha-2.jar:/home/niveditah/.m2/repository/org/apache/maven/mercury/mercury-artifact/1.0.0-alpha-2/mercury-artifact-1.0.0-alpha-2.jar:/home/niveditah/.m2/repository/org/apache/maven/mercury/mercury-external/1.0.0-alpha-2/mercury-external-1.0.0-alpha-2.jar:/home/niveditah/.m2/repository/org/sonatype/spice/model-builder/1.3/model-builder-1.3.jar:/home/niveditah/.m2/repository/stax/stax-api/1.0.1/stax-api-1.0.1.jar:/home/niveditah/.m2/repository/org/apache/maven/maven-compat/3.0-alpha-2/maven-compat-3.0-alpha-2.jar:/home/niveditah/.m2/repository/org/apache/maven/wagon/wagon-provider-api/1.0-beta-4/wagon-provider-api-1.0-beta-4.jar:/home/niveditah/.m2/repository/org/codehaus/plexus/plexus-java/1.0.1/plexus-java-1.0.1.jar:/home/niveditah/.m2/repository/org/ow2/asm/asm/7.0-beta/asm-7.0-beta.jar:/home/niveditah/.m2/repository/com/thoughtworks/qdox/qdox/2.0-M9/qdox-2.0-M9.jar:/home/niveditah/.m2/repository/commons-io/commons-io/1.3.2/commons-io-1.3.2.jar:"/>
    <property name="java.vm.vendor" value="Ubuntu"/>
    <property name="sun.arch.data.model" value="64"/>
    <property name="java.vendor.url" value="https://ubuntu.com/"/>
    <property name="user.timezone" value=""/>
    <property name="java.vm.specification.version" value="11"/>
    <property name="os.name" value="Linux"/>
    <property name="sun.java.launcher" value="SUN_STANDARD"/>
    <property name="user.country" value="IN"/>
    <property name="sun.boot.library.path" value="/usr/lib/jvm/java-11-openjdk-amd64/lib"/>
    <property name="sun.java.command" value="/home/niveditah/Documents/MavenGDR/target/surefire/surefirebooter17262562946492252527.jar /home/niveditah/Documents/MavenGDR/target/surefire 2020-02-27T20-18-44_203-jvmRun1 surefire4442966866804433256tmp surefire_03983116421672860477tmp"/>
    <property name="jdk.debug" value="release"/>
    <property name="surefire.test.class.path" value="/home/niveditah/Documents/MavenGDR/target/test-classes:/home/niveditah/Documents/MavenGDR/target/classes:/home/niveditah/.m2/repository/org/seleniumhq/selenium/selenium-java/3.141.59/selenium-java-3.141.59.jar:/home/niveditah/.m2/repository/org/seleniumhq/selenium/selenium-api/3.141.59/selenium-api-3.141.59.jar:/home/niveditah/.m2/repository/org/seleniumhq/selenium/selenium-chrome-driver/3.141.59/selenium-chrome-driver-3.141.59.jar:/home/niveditah/.m2/repository/org/seleniumhq/selenium/selenium-edge-driver/3.141.59/selenium-edge-driver-3.141.59.jar:/home/niveditah/.m2/repository/org/seleniumhq/selenium/selenium-firefox-driver/3.141.59/selenium-firefox-driver-3.141.59.jar:/home/niveditah/.m2/repository/org/seleniumhq/selenium/selenium-ie-driver/3.141.59/selenium-ie-driver-3.141.59.jar:/home/niveditah/.m2/repository/org/seleniumhq/selenium/selenium-opera-driver/3.141.59/selenium-opera-driver-3.141.59.jar:/home/niveditah/.m2/repository/org/seleniumhq/selenium/selenium-remote-driver/3.141.59/selenium-remote-driver-3.141.59.jar:/home/niveditah/.m2/repository/org/seleniumhq/selenium/selenium-safari-driver/3.141.59/selenium-safari-driver-3.141.59.jar:/home/niveditah/.m2/repository/org/seleniumhq/selenium/selenium-support/3.141.59/selenium-support-3.141.59.jar:/home/niveditah/.m2/repository/net/bytebuddy/byte-buddy/1.8.15/byte-buddy-1.8.15.jar:/home/niveditah/.m2/repository/org/apache/commons/commons-exec/1.3/commons-exec-1.3.jar:/home/niveditah/.m2/repository/com/google/guava/guava/25.0-jre/guava-25.0-jre.jar:/home/niveditah/.m2/repository/com/google/code/findbugs/jsr305/1.3.9/jsr305-1.3.9.jar:/home/niveditah/.m2/repository/org/checkerframework/checker-compat-qual/2.0.0/checker-compat-qual-2.0.0.jar:/home/niveditah/.m2/repository/com/google/errorprone/error_prone_annotations/2.1.3/error_prone_annotations-2.1.3.jar:/home/niveditah/.m2/repository/com/google/j2objc/j2objc-annotations/1.1/j2objc-annotations-1.1.jar:/home/niveditah/.m2/repository/org/codehaus/mojo/animal-sniffer-annotations/1.14/animal-sniffer-annotations-1.14.jar:/home/niveditah/.m2/repository/com/squareup/okhttp3/okhttp/3.11.0/okhttp-3.11.0.jar:/home/niveditah/.m2/repository/com/squareup/okio/okio/1.14.0/okio-1.14.0.jar:/home/niveditah/.m2/repository/org/testng/testng/6.8/testng-6.8.jar:/home/niveditah/.m2/repository/org/beanshell/bsh/2.0b4/bsh-2.0b4.jar:/home/niveditah/.m2/repository/com/beust/jcommander/1.27/jcommander-1.27.jar:/home/niveditah/.m2/repository/org/yaml/snakeyaml/1.6/snakeyaml-1.6.jar:/home/niveditah/.m2/repository/com/relevantcodes/extentreports/2.41.2/extentreports-2.41.2.jar:/home/niveditah/.m2/repository/org/jsoup/jsoup/1.8.3/jsoup-1.8.3.jar:/home/niveditah/.m2/repository/org/xerial/sqlite-jdbc/3.8.11.1/sqlite-jdbc-3.8.11.1.jar:/home/niveditah/.m2/repository/org/freemarker/freemarker/2.3.23/freemarker-2.3.23.jar:/home/niveditah/.m2/repository/org/mongodb/mongodb-driver/3.0.4/mongodb-driver-3.0.4.jar:/home/niveditah/.m2/repository/org/mongodb/bson/3.0.4/bson-3.0.4.jar:/home/niveditah/.m2/repository/org/mongodb/mongodb-driver-core/3.0.4/mongodb-driver-core-3.0.4.jar:/home/niveditah/.m2/repository/org/uncommons/reportng/1.1.4/reportng-1.1.4.jar:/home/niveditah/.m2/repository/velocity/velocity/1.4/velocity-1.4.jar:/home/niveditah/.m2/repository/velocity/velocity-dep/1.4/velocity-dep-1.4.jar:/home/niveditah/.m2/repository/com/google/inject/guice/3.0/guice-3.0.jar:/home/niveditah/.m2/repository/javax/inject/javax.inject/1/javax.inject-1.jar:/home/niveditah/.m2/repository/aopalliance/aopalliance/1.0/aopalliance-1.0.jar:/home/niveditah/.m2/repository/junit/junit/3.8.1/junit-3.8.1.jar:/home/niveditah/.m2/repository/org/springframework/spring-web/2.0-m2/spring-web-2.0-m2.jar:/home/niveditah/.m2/repository/org/springframework/spring-context/2.0-m2/spring-context-2.0-m2.jar:/home/niveditah/.m2/repository/org/springframework/spring-aop/2.0-m2/spring-aop-2.0-m2.jar:/home/niveditah/.m2/repository/org/springframework/spring-beans/2.0-m2/spring-beans-2.0-m2.jar:/home/niveditah/.m2/repository/org/springframework/spring-core/2.0-m2/spring-core-2.0-m2.jar:/home/niveditah/.m2/repository/commons-logging/commons-logging/1.0.4/commons-logging-1.0.4.jar:/home/niveditah/.m2/repository/commons-collections/commons-collections/3.1/commons-collections-3.1.jar:/home/niveditah/.m2/repository/oro/oro/2.0.8/oro-2.0.8.jar:/home/niveditah/.m2/repository/javax/servlet/jstl/1.0/jstl-1.0.jar:/home/niveditah/.m2/repository/taglibs/standard/1.0.6/standard-1.0.6.jar:/home/niveditah/.m2/repository/org/apache/maven/plugins/maven-surefire-plugin/3.0.0-M2/maven-surefire-plugin-3.0.0-M2.jar:/home/niveditah/.m2/repository/org/apache/maven/surefire/maven-surefire-common/3.0.0-M2/maven-surefire-common-3.0.0-M2.jar:/home/niveditah/.m2/repository/org/apache/maven/surefire/surefire-api/3.0.0-M2/surefire-api-3.0.0-M2.jar:/home/niveditah/.m2/repository/org/apache/maven/surefire/surefire-logger-api/3.0.0-M2/surefire-logger-api-3.0.0-M2.jar:/home/niveditah/.m2/repository/org/apache/maven/surefire/surefire-booter/3.0.0-M2/surefire-booter-3.0.0-M2.jar:/home/niveditah/.m2/repository/org/apache/maven/maven-toolchain/3.0-alpha-2/maven-toolchain-3.0-alpha-2.jar:/home/niveditah/.m2/repository/org/apache/maven/maven-core/3.0-alpha-2/maven-core-3.0-alpha-2.jar:/home/niveditah/.m2/repository/org/apache/maven/maven-lifecycle/3.0-alpha-2/maven-lifecycle-3.0-alpha-2.jar:/home/niveditah/.m2/repository/org/apache/maven/maven-reporting-api/3.0-alpha-2/maven-reporting-api-3.0-alpha-2.jar:/home/niveditah/.m2/repository/org/apache/maven/doxia/doxia-sink-api/1.0-alpha-9/doxia-sink-api-1.0-alpha-9.jar:/home/niveditah/.m2/repository/org/apache/maven/maven-model/3.0-alpha-2/maven-model-3.0-alpha-2.jar:/home/niveditah/.m2/repository/org/apache/maven/maven-plugin-api/3.0-alpha-2/maven-plugin-api-3.0-alpha-2.jar:/home/niveditah/.m2/repository/org/codehaus/plexus/plexus-container-default/1.0-beta-3.0.5/plexus-container-default-1.0-beta-3.0.5.jar:/home/niveditah/.m2/repository/org/apache/xbean/xbean-reflect/3.4/xbean-reflect-3.4.jar:/home/niveditah/.m2/repository/log4j/log4j/1.2.12/log4j-1.2.12.jar:/home/niveditah/.m2/repository/commons-logging/commons-logging-api/1.1/commons-logging-api-1.1.jar:/home/niveditah/.m2/repository/com/google/code/google-collections/google-collect/snapshot-20080530/google-collect-snapshot-20080530.jar:/home/niveditah/.m2/repository/org/apache/maven/maven-project/3.0-alpha-2/maven-project-3.0-alpha-2.jar:/home/niveditah/.m2/repository/org/codehaus/woodstox/wstx-asl/3.2.6/wstx-asl-3.2.6.jar:/home/niveditah/.m2/repository/org/apache/maven/maven-project-builder/3.0-alpha-2/maven-project-builder-3.0-alpha-2.jar:/home/niveditah/.m2/repository/commons-cli/commons-cli/1.0/commons-cli-1.0.jar:/home/niveditah/.m2/repository/org/codehaus/plexus/plexus-interactivity-api/1.0-alpha-6/plexus-interactivity-api-1.0-alpha-6.jar:/home/niveditah/.m2/repository/org/codehaus/plexus/plexus-interpolation/1.1/plexus-interpolation-1.1.jar:/home/niveditah/.m2/repository/org/codehaus/plexus/plexus-utils/1.5.6/plexus-utils-1.5.6.jar:/home/niveditah/.m2/repository/org/codehaus/plexus/plexus-classworlds/1.3/plexus-classworlds-1.3.jar:/home/niveditah/.m2/repository/org/codehaus/plexus/plexus-component-annotations/1.0-beta-3.0.5/plexus-component-annotations-1.0-beta-3.0.5.jar:/home/niveditah/.m2/repository/org/sonatype/plexus/plexus-plugin-manager/1.0-alpha-1/plexus-plugin-manager-1.0-alpha-1.jar:/home/niveditah/.m2/repository/org/apache/maven/mercury/mercury-plexus/1.0.0-alpha-2/mercury-plexus-1.0.0-alpha-2.jar:/home/niveditah/.m2/repository/org/apache/maven/mercury/mercury-repo-remote-m2/1.0.0-alpha-2/mercury-repo-remote-m2-1.0.0-alpha-2.jar:/home/niveditah/.m2/repository/org/apache/maven/mercury/mercury-repo-api/1.0.0-alpha-2/mercury-repo-api-1.0.0-alpha-2.jar:/home/niveditah/.m2/repository/org/apache/maven/mercury/mercury-transport-api/1.0.0-alpha-2/mercury-transport-api-1.0.0-alpha-2.jar:/home/niveditah/.m2/repository/org/apache/maven/mercury/mercury-crypto-api/1.0.0-alpha-2/mercury-crypto-api-1.0.0-alpha-2.jar:/home/niveditah/.m2/repository/org/apache/maven/mercury/mercury-transport-http/1.0.0-alpha-2/mercury-transport-http-1.0.0-alpha-2.jar:/home/niveditah/.m2/repository/org/mortbay/jetty/jetty-client/6.1.12/jetty-client-6.1.12.jar:/home/niveditah/.m2/repository/org/mortbay/jetty/jetty-sslengine/6.1.12/jetty-sslengine-6.1.12.jar:/home/niveditah/.m2/repository/org/mortbay/jetty/jetty/6.1.12/jetty-6.1.12.jar:/home/niveditah/.m2/repository/org/mortbay/jetty/jetty-util/6.1.12/jetty-util-6.1.12.jar:/home/niveditah/.m2/repository/org/mortbay/jetty/servlet-api-2.5/6.1.12/servlet-api-2.5-6.1.12.jar:/home/niveditah/.m2/repository/org/apache/maven/mercury/mercury-crypto-basic/1.0.0-alpha-2/mercury-crypto-basic-1.0.0-alpha-2.jar:/home/niveditah/.m2/repository/bouncycastle/bcprov-jdk15/140/bcprov-jdk15-140.jar:/home/niveditah/.m2/repository/bouncycastle/bcpg-jdk15/140/bcpg-jdk15-140.jar:/home/niveditah/.m2/repository/org/apache/maven/mercury/mercury-md-shared/1.0.0-alpha-2/mercury-md-shared-1.0.0-alpha-2.jar:/home/niveditah/.m2/repository/org/apache/maven/mercury/mercury-util/1.0.0-alpha-2/mercury-util-1.0.0-alpha-2.jar:/home/niveditah/.m2/repository/org/apache/maven/mercury/mercury-repo-local-m2/1.0.0-alpha-2/mercury-repo-local-m2-1.0.0-alpha-2.jar:/home/niveditah/.m2/repository/org/apache/maven/mercury/mercury-repo-virtual/1.0.0-alpha-2/mercury-repo-virtual-1.0.0-alpha-2.jar:/home/niveditah/.m2/repository/org/apache/maven/mercury/mercury-repo-cache-fs/1.0.0-alpha-2/mercury-repo-cache-fs-1.0.0-alpha-2.jar:/home/niveditah/.m2/repository/org/apache/maven/mercury/mercury-md-sat/1.0.0-alpha-2/mercury-md-sat-1.0.0-alpha-2.jar:/home/niveditah/.m2/repository/org/sat4j/org.sat4j.core/2.0.4/org.sat4j.core-2.0.4.jar:/home/niveditah/.m2/repository/org/sat4j/org.sat4j.pb/2.0.4/org.sat4j.pb-2.0.4.jar:/home/niveditah/.m2/repository/org/apache/maven/mercury/mercury-event/1.0.0-alpha-2/mercury-event-1.0.0-alpha-2.jar:/home/niveditah/.m2/repository/org/apache/maven/mercury/mercury-logging/1.0.0-alpha-2/mercury-logging-1.0.0-alpha-2.jar:/home/niveditah/.m2/repository/org/codehaus/plexus/plexus-lang/1.1/plexus-lang-1.1.jar:/home/niveditah/.m2/repository/org/slf4j/slf4j-jdk14/1.5.3/slf4j-jdk14-1.5.3.jar:/home/niveditah/.m2/repository/org/slf4j/slf4j-api/1.5.3/slf4j-api-1.5.3.jar:/home/niveditah/.m2/repository/org/apache/maven/maven-mercury/3.0-alpha-2/maven-mercury-3.0-alpha-2.jar:/home/niveditah/.m2/repository/org/apache/maven/mercury/mercury-artifact/1.0.0-alpha-2/mercury-artifact-1.0.0-alpha-2.jar:/home/niveditah/.m2/repository/org/apache/maven/mercury/mercury-external/1.0.0-alpha-2/mercury-external-1.0.0-alpha-2.jar:/home/niveditah/.m2/repository/org/sonatype/spice/model-builder/1.3/model-builder-1.3.jar:/home/niveditah/.m2/repository/stax/stax-api/1.0.1/stax-api-1.0.1.jar:/home/niveditah/.m2/repository/org/apache/maven/maven-compat/3.0-alpha-2/maven-compat-3.0-alpha-2.jar:/home/niveditah/.m2/repository/org/apache/maven/wagon/wagon-provider-api/1.0-beta-4/wagon-provider-api-1.0-beta-4.jar:/home/niveditah/.m2/repository/org/codehaus/plexus/plexus-java/1.0.1/plexus-java-1.0.1.jar:/home/niveditah/.m2/repository/org/ow2/asm/asm/7.0-beta/asm-7.0-beta.jar:/home/niveditah/.m2/repository/com/thoughtworks/qdox/qdox/2.0-M9/qdox-2.0-M9.jar:/home/niveditah/.m2/repository/commons-io/commons-io/1.3.2/commons-io-1.3.2.jar:"/>
    <property name="sun.cpu.endian" value="little"/>
    <property name="user.home" value="/home/niveditah"/>
    <property name="user.language" value="en"/>
    <property name="java.specification.vendor" value="Oracle Corporation"/>
    <property name="java.version.date" value="2020-01-14"/>
    <property name="java.home" value="/usr/lib/jvm/java-11-openjdk-amd64"/>
    <property name="file.separator" value="/"/>
    <property name="basedir" value="/home/niveditah/Documents/MavenGDR"/>
    <property name="java.vm.compressedOopsMode" value="32-bit"/>
    <property name="line.separator" value="&#10;"/>
    <property name="java.specification.name" value="Java Platform API Specification"/>
    <property name="java.vm.specification.vendor" value="Oracle Corporation"/>
    <property name="java.awt.graphicsenv" value="sun.awt.X11GraphicsEnvironment"/>
    <property name="surefire.real.class.path" value="/home/niveditah/Documents/MavenGDR/target/surefire/surefirebooter17262562946492252527.jar"/>
    <property name="sun.management.compiler" value="HotSpot 64-Bit Tiered Compilers"/>
    <property name="java.runtime.version" value="11.0.6+10-post-Ubuntu-1ubuntu118.04.1"/>
    <property name="user.name" value="niveditah"/>
    <property name="path.separator" value=":"/>
    <property name="os.version" value="4.15.0-88-generic"/>
    <property name="java.runtime.name" value="OpenJDK Runtime Environment"/>
    <property name="file.encoding" value="UTF-8"/>
    <property name="java.vm.name" value="OpenJDK 64-Bit Server VM"/>
    <property name="localRepository" value="/home/niveditah/.m2/repository"/>
    <property name="java.vendor.url.bug" value="https://bugs.launchpad.net/ubuntu/+source/openjdk-lts"/>
    <property name="java.io.tmpdir" value="/tmp"/>
    <property name="java.version" value="11.0.6"/>
    <property name="user.dir" value="/home/niveditah/Documents/MavenGDR"/>
    <property name="os.arch" value="amd64"/>
    <property name="java.vm.specification.name" value="Java Virtual Machine Specification"/>
    <property name="java.awt.printerjob" value="sun.print.PSPrinterJob"/>
    <property name="sun.os.patch.level" value="unknown"/>
    <property name="java.library.path" value="/usr/java/packages/lib:/usr/lib/x86_64-linux-gnu/jni:/lib/x86_64-linux-gnu:/usr/lib/x86_64-linux-gnu:/usr/lib/jni:/lib:/usr/lib"/>
    <property name="java.vendor" value="Ubuntu"/>
    <property name="java.vm.info" value="mixed mode, sharing"/>
    <property name="java.vm.version" value="11.0.6+10-post-Ubuntu-1ubuntu118.04.1"/>
    <property name="sun.io.unicode.encoding" value="UnicodeLittle"/>
    <property name="java.class.version" value="55.0"/>
  </properties>
  <testcase name="CheckInvalidEmailId" classname="Example.LoginFunctionality" time="0.231"/>
  <testcase name="CheckValidEmailId" classname="Example.LoginFunctionality" time="0.048">
    <failure message="no such element: Unable to locate element: {&quot;method&quot;:&quot;xpath&quot;,&quot;selector&quot;:&quot;//*[@id=&quot;emaadd&quot;]&quot;}&#10;  (Session info: chrome=80.0.3987.87)&#10;For documentation on this error, please visit: https://www.seleniumhq.org/exceptions/no_such_element.html&#10;Build info: version: &apos;3.141.59&apos;, revision: &apos;e82be7d358&apos;, time: &apos;2018-11-14T08:17:03&apos;&#10;System info: host: &apos;trinesis-pc19&apos;, ip: &apos;127.0.1.1&apos;, os.name: &apos;Linux&apos;, os.arch: &apos;amd64&apos;, os.version: &apos;4.15.0-88-generic&apos;, java.version: &apos;11.0.6&apos;&#10;Driver info: org.openqa.selenium.chrome.ChromeDriver&#10;Capabilities {acceptInsecureCerts: false, browserName: chrome, browserVersion: 80.0.3987.87, chrome: {chromedriverVersion: 80.0.3987.16 (320f6526c1632..., userDataDir: /tmp/.com.google.Chrome.D4DLBX}, goog:chromeOptions: {debuggerAddress: localhost:43615}, javascriptEnabled: true, networkConnectionEnabled: false, pageLoadStrategy: normal, platform: LINUX, platformName: LINUX, proxy: Proxy(), setWindowRect: true, strictFileInteractability: false, timeouts: {implicit: 0, pageLoad: 300000, script: 30000}, unhandledPromptBehavior: dismiss and notify}&#10;Session ID: 6cabd7ea6c6d9f035c86bec373605496&#10;*** Element info: {Using=xpath, value=//*[@id=&quot;emaadd&quot;]}" type="org.openqa.selenium.NoSuchElementException">org.openqa.selenium.NoSuchElementException: 
no such element: Unable to locate element: {"method":"xpath","selector":"//*[@id="emaadd"]"}
  (Session info: chrome=80.0.3987.87)
For documentation on this error, please visit: https://www.seleniumhq.org/exceptions/no_such_element.html
Build info: version: '3.141.59', revision: 'e82be7d358', time: '2018-11-14T08:17:03'
System info: host: 'trinesis-pc19', ip: '127.0.1.1', os.name: 'Linux', os.arch: 'amd64', os.version: '4.15.0-88-generic', java.version: '11.0.6'
Driver info: org.openqa.selenium.chrome.ChromeDriver
Capabilities {acceptInsecureCerts: false, browserName: chrome, browserVersion: 80.0.3987.87, chrome: {chromedriverVersion: 80.0.3987.16 (320f6526c1632..., userDataDir: /tmp/.com.google.Chrome.D4DLBX}, goog:chromeOptions: {debuggerAddress: localhost:43615}, javascriptEnabled: true, networkConnectionEnabled: false, pageLoadStrategy: normal, platform: LINUX, platformName: LINUX, proxy: Proxy(), setWindowRect: true, strictFileInteractability: false, timeouts: {implicit: 0, pageLoad: 300000, script: 30000}, unhandledPromptBehavior: dismiss and notify}
Session ID: 6cabd7ea6c6d9f035c86bec373605496
*** Element info: {Using=xpath, value=//*[@id="emaadd"]}
	at Example.LoginFunctionality.CheckValidEmailId(LoginFunctionality.java:108)
</failure>
    <system-out><![CDATA[screenshot captured
]]></system-out>
    <system-err><![CDATA[log4j:WARN No appenders could be found for logger (freemarker.cache).
log4j:WARN Please initialize the log4j system properly.
Starting ChromeDriver 80.0.3987.16 (320f6526c1632ad4f205ebce69b99a062ed78647-refs/branch-heads/3987@{#185}) on port 26435
Only local connections are allowed.
Please protect ports used by ChromeDriver and related test frameworks to prevent access by malicious code.
Feb 27, 2020 8:18:57 PM org.openqa.selenium.remote.ProtocolHandshake createSession
INFO: Detected dialect: W3C
[1582814938.640][SEVERE]: Timed out receiving message from renderer: 0.100
[1582814938.741][SEVERE]: Timed out receiving message from renderer: 0.100
[1582814938.843][SEVERE]: Timed out receiving message from renderer: 0.100
[1582814938.946][SEVERE]: Timed out receiving message from renderer: 0.100
[1582814939.168][SEVERE]: Timed out receiving message from renderer: 0.100
[1582814939.270][SEVERE]: Timed out receiving message from renderer: 0.100
[1582814939.373][SEVERE]: Timed out receiving message from renderer: 0.100
[1582814939.474][SEVERE]: Timed out receiving message from renderer: 0.100
[1582814939.575][SEVERE]: Timed out receiving message from renderer: 0.100
[1582814939.676][SEVERE]: Timed out receiving message from renderer: 0.100
[1582814939.778][SEVERE]: Timed out receiving message from renderer: 0.100
[1582814939.981][SEVERE]: Timed out receiving message from renderer: 0.100
[1582814940.082][SEVERE]: Timed out receiving message from renderer: 0.100
[1582814940.185][SEVERE]: Timed out receiving message from renderer: 0.100
[1582814940.286][SEVERE]: Timed out receiving message from renderer: 0.100
[1582814940.387][SEVERE]: Timed out receiving message from renderer: 0.100
[1582814940.579][SEVERE]: Timed out receiving message from renderer: 0.100
[1582814940.681][SEVERE]: Timed out receiving message from renderer: 0.100
[1582814940.782][SEVERE]: Timed out receiving message from renderer: 0.100
[1582814940.884][SEVERE]: Timed out receiving message from renderer: 0.100
[1582814940.985][SEVERE]: Timed out receiving message from renderer: 0.100
[1582814941.087][SEVERE]: Timed out receiving message from renderer: 0.100
[1582814941.189][SEVERE]: Timed out receiving message from renderer: 0.100
[1582814941.291][SEVERE]: Timed out receiving message from renderer: 0.100
[1582814941.395][SEVERE]: Timed out receiving message from renderer: 0.100
[1582814941.497][SEVERE]: Timed out receiving message from renderer: 0.100
[1582814941.599][SEVERE]: Timed out receiving message from renderer: 0.100
[1582814941.700][SEVERE]: Timed out receiving message from renderer: 0.100
[1582814941.802][SEVERE]: Timed out receiving message from renderer: 0.100
[1582814941.903][SEVERE]: Timed out receiving message from renderer: 0.100
[1582814942.004][SEVERE]: Timed out receiving message from renderer: 0.100
[1582814942.106][SEVERE]: Timed out receiving message from renderer: 0.100
[1582814942.207][SEVERE]: Timed out receiving message from renderer: 0.100
[1582814942.665][SEVERE]: Timed out receiving message from renderer: 0.100
[1582814946.210][SEVERE]: Timed out receiving message from renderer: 0.100
[1582814946.311][SEVERE]: Timed out receiving message from renderer: 0.100
[1582814946.413][SEVERE]: Timed out receiving message from renderer: 0.100
[1582814946.514][SEVERE]: Timed out receiving message from renderer: 0.100
[1582814946.615][SEVERE]: Timed out receiving message from renderer: 0.100
[1582814946.716][SEVERE]: Timed out receiving message from renderer: 0.100
[1582814946.818][SEVERE]: Timed out receiving message from renderer: 0.100
[1582814946.919][SEVERE]: Timed out receiving message from renderer: 0.100
[1582814947.020][SEVERE]: Timed out receiving message from renderer: 0.100
[1582814947.121][SEVERE]: Timed out receiving message from renderer: 0.100
[1582814947.223][SEVERE]: Timed out receiving message from renderer: 0.100
]]></system-err>
  </testcase>
  <testcase name="LoginBlankUsername" classname="Example.LoginFunctionality" time="0.902"/>
  <testcase name="LoginBlankdata" classname="Example.LoginFunctionality" time="0.133"/>
  <testcase name="LoginwithValidData" classname="Example.LoginFunctionality" time="0.55"/>
</testsuite>