<?xml version="1.0" encoding="UTF-8"?>
<!-- Generated by org.testng.reporters.JUnitReportReporter -->
<testsuite hostname="trinesis-pc19" failures="0" tests="1" name="Example.ExtendReportDemo" time="34.276" errors="0" timestamp="2020-01-16T15:27:31 IST" skipped="0">
  <testcase classname="Example.ExtendReportDemo" name="loginTest" time="34.276"/>
</testsuite> <!-- Example.ExtendReportDemo -->
