<?xml version="1.0" encoding="UTF-8"?>
<!-- Generated by org.testng.reporters.JUnitReportReporter -->
<testsuite hostname="trinesis-pc19" failures="0" tests="1" name="Example.Demo" time="1.572" errors="0" timestamp="2019-12-19T07:05:53 GMT-05:00" skipped="0">
  <testcase classname="Example.Demo" name="OpenBrowser" time="1.572"/>
</testsuite> <!-- Example.Demo -->
