<?xml version="1.0" encoding="UTF-8"?>
<!-- Generated by org.testng.reporters.JUnitReportReporter -->
<testsuite hostname="trinesis-pc19" failures="0" tests="5" name="Example.LoginFunctionality" time="62.779" errors="0" timestamp="2020-02-13T04:36:55 EST" skipped="0">
  <testcase classname="Example.LoginFunctionality" name="CheckValidEmailId" time="17.652"/>
  <testcase classname="Example.LoginFunctionality" name="LoginBlankdata" time="10.310"/>
  <testcase classname="Example.LoginFunctionality" name="LoginwithValidData" time="10.123"/>
  <testcase classname="Example.LoginFunctionality" name="LoginEmailID" time="14.028"/>
  <testcase classname="Example.LoginFunctionality" name="CheckInvalidEmailId" time="10.666"/>
</testsuite> <!-- Example.LoginFunctionality -->
