<?xml version="1.0" encoding="UTF-8"?>
<!-- Generated by org.testng.reporters.JUnitReportReporter -->
<testsuite hostname="trinesis-pc19" failures="0" tests="5" name="Example.LoginFunctionality" time="50.950" errors="0" timestamp="2020-02-20T04:38:05 GMT-05:00" skipped="0">
  <testcase classname="Example.LoginFunctionality" name="LoginEmailID" time="10.478"/>
  <testcase classname="Example.LoginFunctionality" name="CheckInvalidEmailId" time="10.043"/>
  <testcase classname="Example.LoginFunctionality" name="LoginwithValidData" time="11.199"/>
  <testcase classname="Example.LoginFunctionality" name="CheckValidEmailId" time="9.542"/>
  <testcase classname="Example.LoginFunctionality" name="LoginBlankdata" time="9.688"/>
</testsuite> <!-- Example.LoginFunctionality -->
