<?xml version="1.0" encoding="UTF-8"?>
<!-- Generated by org.testng.reporters.JUnitReportReporter -->
<testsuite hostname="trinesis-pc19" failures="0" tests="1" name="com.gdr.qa.testCases.UserPageTests" time="59.895" errors="0" timestamp="12 Oct 2020 07:10:42 GMT">
  <testcase classname="com.gdr.qa.testCases.UserPageTests" name="InviteAdmin" time="59.895"/>
</testsuite> <!-- com.gdr.qa.testCases.UserPageTests -->
