<?xml version="1.0" encoding="UTF-8"?>
<!-- Generated by org.testng.reporters.JUnitReportReporter -->
<testsuite hostname="trinesis-pc19" failures="0" tests="1" name="Example.Demo" time="15.437" errors="0" timestamp="19 Dec 2019 13:16:13 GMT">
  <testcase classname="Example.Demo" name="OpenBrowser" time="15.437"/>
</testsuite> <!-- Example.Demo -->
