<?xml version="1.0" encoding="UTF-8"?>
<!-- Generated by org.testng.reporters.JUnitReportReporter -->
<testsuite hostname="trinesis-pc19" failures="0" tests="1" name="Example.Demo" time="9.066" errors="0" timestamp="20 Dec 2019 07:31:14 GMT">
  <testcase classname="Example.Demo" name="OpenBrowser" time="9.066"/>
</testsuite> <!-- Example.Demo -->
